Sudoku solver changes log

Version 2.4.3:
• Current updates and improvements applied

Version 2.4:
• App got the scalable icon and the digital signature (only self-signed for now);
• Applied some updates for core assemblies

Version 2.3.17:
• Updated internal mechanism of checking for updates (applied compatibility with new GitHub theme)

Version 2.3.15:
• Added the registry access checker: it will show recommended actions for the executable file
  when Windows doesn’t allow saving settings;
• Applied new elements in user interface;
• AboutForm and HardWorkExecutor universal classes have been upgraded and improved;
• Update link for ADP;
• Console version of the application has been removed from the deployment package

Version 2.3.1:
• Updated link and text presenter for ADP;
• Applied fixed icons

Version 2.3:
• New identity applied;
• New links to RD AAOW FDL added;
• Added direct lab link

Version 2.2.4:
• Added ability to “ask developer” via E-mail for help, or send wish, advice or bug report

Version 2.2.3:
• Fixed bug in Policy acception interface that disallowed to accept it in offline mode at first start

Version 2.2.2:
• Added protection against multiple launch

Version 2.2:
• Cumulative changes applied

Version 2.1.3i:
• Application info interface now able to get last release’s changes log;
• Found and fixed hidden bug that caused an error when starting the application from local network;
• Fixed bug that caused the web page request method to fail if server disconnected

Version 2.1.2p:
• Added ability to accept/decline ADP at first start to the application info interface

Version 2.1.1p:
• Updated application info interface (more convenient font is used for now);
• Added a button to access the Application development policy and EULA in the application info interface (due to ADP update);
• Added automatic check for updates to the application info interface

Version 2.1:
• Keyboard description added to application quick help on [F1] key

Version 2.0.1h:
• New application info interface implemented;
• Versions of both applications have been unified

Version 2.0u:
• Windows interface and C# adaptation released for the solution algorithm; stand-alone application in addition to console one has been developed (application manual added to the main page of project)

Version 1.6u:
• Application namespace, icon and development environment have been unified

Version 1.5:
• Final solution control added; if source table causes an evaluation error, user will be notified about it;
• Some visual improvements have been implemented

Version 1.4:
• Publication on GitHub
